<?xml version="1.0" encoding="UTF-8"?>
<!-- Generated by org.testng.reporters.JUnitReportReporter -->
<testsuite hostname="LAPTOP-7PMM1ESA" failures="0" tests="1" name="testCases.MultipleWindows" time="9.192" errors="0" timestamp="2022-02-10T15:09:38 IST" skipped="0">
  <testcase classname="testCases.MultipleWindows" name="windowHandling" time="9.192"/>
  <system-out/>
</testsuite> <!-- testCases.MultipleWindows -->
